[debug] [2022-04-17T18:31:49.483Z] ----------------------------------------------------------------------
[debug] [2022-04-17T18:31:49.485Z] Command:       C:\Program Files\nodejs\node.exe C:\Users\Tilok\AppData\Roaming\npm\node_modules\firebase-tools\lib\bin\firebase.js init hosting:github
[debug] [2022-04-17T18:31:49.486Z] CLI Version:   10.6.0
[debug] [2022-04-17T18:31:49.486Z] Platform:      win32
[debug] [2022-04-17T18:31:49.486Z] Node Version:  v16.14.0
[debug] [2022-04-17T18:31:49.487Z] Time:          Mon Apr 18 2022 00:31:49 GMT+0600 (Bangladesh Standard Time)
[debug] [2022-04-17T18:31:49.488Z] ----------------------------------------------------------------------
[debug] 
[debug] [2022-04-17T18:31:49.572Z] > command requires scopes: ["email","openid","https://www.googleapis.com/auth/cloudplatformprojects.readonly","https://www.googleapis.com/auth/firebase","https://www.googleapis.com/auth/cloud-platform"]
[debug] [2022-04-17T18:31:49.572Z] > authorizing via signed-in user (tilokpaul12@gmail.com)
[info] 
     ######## #### ########  ######## ########     ###     ######  ########
     ##        ##  ##     ## ##       ##     ##  ##   ##  ##       ##
     ######    ##  ########  ######   ########  #########  ######  ######
     ##        ##  ##    ##  ##       ##     ## ##     ##       ## ##
     ##       #### ##     ## ######## ########  ##     ##  ######  ########

You're about to initialize a Firebase project in this directory:

  C:\Users\Tilok\Projects\denti-pro

Before we get started, keep in mind:

  * You are initializing within an existing Firebase project directory

[info] 
=== Project Setup
[info] 
[info] First, let's associate this project directory with a Firebase project.
[info] You can create multiple project aliases by running firebase use --add, 
[info] but for now we'll just set up a default project.
[info] 
[debug] [2022-04-17T18:31:58.934Z] Using project from CLI flag: dentipro-assinment10
[debug] [2022-04-17T18:31:58.937Z] >>> [apiv2][query] GET https://firebase.googleapis.com/v1beta1/projects/dentipro-assinment10 [none]
[debug] [2022-04-17T18:31:59.648Z] <<< [apiv2][status] GET https://firebase.googleapis.com/v1beta1/projects/dentipro-assinment10 200
[debug] [2022-04-17T18:31:59.648Z] <<< [apiv2][body] GET https://firebase.googleapis.com/v1beta1/projects/dentipro-assinment10 {"projectId":"dentipro-assinment10","projectNumber":"33616120694","displayName":"DentiPro-Assinment10","name":"projects/dentipro-assinment10","resources":{"hostingSite":"dentipro-assinment10"},"state":"ACTIVE"}
[info] i  Using project dentipro-assinment10 (DentiPro-Assinment10) 
[info] 
=== Hosting:github Setup
[info] 
[info] i  Detected a .git folder at C:\Users\Tilok\Projects\denti-pro 
[info] i  Authorizing with GitHub to upload your service account to a GitHub repository's secrets store. 
[info] 
[info] Visit this URL on this device to log in:
[info] https://github.com/login/oauth/authorize?client_id=89cf50f02ac6aaed3484&state=886830355&redirect_uri=http%3A%2F%2Flocalhost%3A9005&scope=read%3Auser%20repo%20public_repo
[info] 
[info] Waiting for authentication...
[debug] [2022-04-17T18:32:48.236Z] >>> HTTP REQUEST POST https://github.com/login/oauth/access_token  
 {"client_id":"89cf50f02ac6aaed3484","client_secret":"3330d14abc895d9a74d5f17cd7a00711fa2c5bf0","code":"b7987b0a65954321a9f3","redirect_uri":"http://localhost:9005","state":"886830355"}
[debug] [2022-04-17T18:32:49.101Z] <<< HTTP RESPONSE 200 {"server":"GitHub.com","date":"Sun, 17 Apr 2022 18:32:50 GMT","content-type":"application/json; charset=utf-8","transfer-encoding":"chunked","vary":"X-PJAX, X-PJAX-Container, Accept-Encoding, Accept, X-Requested-With","permissions-policy":"interest-cohort=()","etag":"W/\"7586907aefbbeb859ad10556161408b1\"","cache-control":"max-age=0, private, must-revalidate","strict-transport-security":"max-age=31536000; includeSubdomains; preload","x-frame-options":"deny","x-content-type-options":"nosniff","x-xss-protection":"0","referrer-policy":"origin-when-cross-origin, strict-origin-when-cross-origin","expect-ct":"max-age=2592000, report-uri=\"https://api.github.com/_private/browser/errors\"","content-security-policy":"default-src 'none'; base-uri 'self'; block-all-mixed-content; child-src github.com/assets-cdn/worker/ gist.github.com/assets-cdn/worker/; connect-src 'self' uploads.github.com objects-origin.githubusercontent.com www.githubstatus.com collector.github.com raw.githubusercontent.com api.github.com github-cloud.s3.amazonaws.com github-production-repository-file-5c1aeb.s3.amazonaws.com github-production-upload-manifest-file-7fdce7.s3.amazonaws.com github-production-user-asset-6210df.s3.amazonaws.com cdn.optimizely.com logx.optimizely.com/v1/events translator.github.com *.actions.githubusercontent.com wss://*.actions.githubusercontent.com online.visualstudio.com/api/v1/locations github-production-repository-image-32fea6.s3.amazonaws.com github-production-release-asset-2e65be.s3.amazonaws.com insights.github.com wss://alive.github.com; font-src github.githubassets.com; form-action 'self' github.com gist.github.com objects-origin.githubusercontent.com; frame-ancestors 'none'; frame-src render.githubusercontent.com viewscreen.githubusercontent.com notebooks.githubusercontent.com; img-src 'self' data: github.githubassets.com identicons.github.com github-cloud.s3.amazonaws.com secured-user-images.githubusercontent.com/ *.githubusercontent.com; manifest-src 'self'; media-src github.com user-images.githubusercontent.com/; script-src github.githubassets.com; style-src 'unsafe-inline' github.githubassets.com; worker-src github.com/assets-cdn/worker/ gist.github.com/assets-cdn/worker/","x-github-request-id":"D774:51BA:105644:13E017:625C5D51"}
[debug] [2022-04-17T18:32:49.111Z] >>> [apiv2][query] GET https://api.github.com/user [none]
[debug] [2022-04-17T18:32:49.615Z] <<< [apiv2][status] GET https://api.github.com/user 200
[debug] [2022-04-17T18:32:49.615Z] <<< [apiv2][body] GET https://api.github.com/user {"login":"tilok-wp","id":46299928,"node_id":"MDQ6VXNlcjQ2Mjk5OTI4","avatar_url":"https://avatars.githubusercontent.com/u/46299928?v=4","gravatar_id":"","url":"https://api.github.com/users/tilok-wp","html_url":"https://github.com/tilok-wp","followers_url":"https://api.github.com/users/tilok-wp/followers","following_url":"https://api.github.com/users/tilok-wp/following{/other_user}","gists_url":"https://api.github.com/users/tilok-wp/gists{/gist_id}","starred_url":"https://api.github.com/users/tilok-wp/starred{/owner}{/repo}","subscriptions_url":"https://api.github.com/users/tilok-wp/subscriptions","organizations_url":"https://api.github.com/users/tilok-wp/orgs","repos_url":"https://api.github.com/users/tilok-wp/repos","events_url":"https://api.github.com/users/tilok-wp/events{/privacy}","received_events_url":"https://api.github.com/users/tilok-wp/received_events","type":"User","site_admin":false,"name":"Tilok Paul","company":" UPwork & Fiverr ","blog":"","location":"Khulna","email":null,"hireable":null,"bio":"I am a Front end web developer & WordPress expert. Experienced in PSD to HTML, Custom website development, WordPress theme development, Configuration.","twitter_username":null,"public_repos":20,"public_gists":0,"followers":0,"following":4,"created_at":"2019-01-01T16:24:18Z","updated_at":"2022-02-12T08:33:47Z","private_gists":0,"total_private_repos":0,"owned_private_repos":0,"disk_usage":62384,"collaborators":0,"two_factor_authentication":false,"plan":{"name":"free","space":976562499,"collaborators":0,"private_repos":10000}}
[info] 
[info] +  Success! Logged into GitHub as tilok-wp 
[info] 
[debug] [2022-04-17T18:50:36.515Z] ----------------------------------------------------------------------
[debug] [2022-04-17T18:50:36.517Z] Command:       C:\Program Files\nodejs\node.exe C:\Users\Tilok\AppData\Roaming\npm\node_modules\firebase-tools\lib\bin\firebase.js deploy
[debug] [2022-04-17T18:50:36.518Z] CLI Version:   10.6.0
[debug] [2022-04-17T18:50:36.518Z] Platform:      win32
[debug] [2022-04-17T18:50:36.518Z] Node Version:  v16.14.0
[debug] [2022-04-17T18:50:36.519Z] Time:          Mon Apr 18 2022 00:50:36 GMT+0600 (Bangladesh Standard Time)
[debug] [2022-04-17T18:50:36.519Z] ----------------------------------------------------------------------
[debug] 
[debug] [2022-04-17T18:50:36.607Z] > command requires scopes: ["email","openid","https://www.googleapis.com/auth/cloudplatformprojects.readonly","https://www.googleapis.com/auth/firebase","https://www.googleapis.com/auth/cloud-platform"]
[debug] [2022-04-17T18:50:36.608Z] > authorizing via signed-in user (tilokpaul12@gmail.com)
[debug] [2022-04-17T18:50:36.608Z] [iam] checking project dentipro-assinment10 for permissions ["firebase.projects.get","firebasehosting.sites.update"]
[debug] [2022-04-17T18:50:36.611Z] >>> [apiv2][query] POST https://cloudresourcemanager.googleapis.com/v1/projects/dentipro-assinment10:testIamPermissions [none]
[debug] [2022-04-17T18:50:36.612Z] >>> [apiv2][body] POST https://cloudresourcemanager.googleapis.com/v1/projects/dentipro-assinment10:testIamPermissions {"permissions":["firebase.projects.get","firebasehosting.sites.update"]}
[debug] [2022-04-17T18:50:38.103Z] <<< [apiv2][status] POST https://cloudresourcemanager.googleapis.com/v1/projects/dentipro-assinment10:testIamPermissions 200
[debug] [2022-04-17T18:50:38.103Z] <<< [apiv2][body] POST https://cloudresourcemanager.googleapis.com/v1/projects/dentipro-assinment10:testIamPermissions {"permissions":["firebase.projects.get","firebasehosting.sites.update"]}
[debug] [2022-04-17T18:50:38.104Z] >>> [apiv2][query] GET https://firebase.googleapis.com/v1beta1/projects/dentipro-assinment10 [none]
[debug] [2022-04-17T18:50:38.818Z] <<< [apiv2][status] GET https://firebase.googleapis.com/v1beta1/projects/dentipro-assinment10 200
